19995
8471
8075
20348
31860
25528
23659
25766
16739
16482
26945
5283
8825
11077
18860
26420
10055
11833
24953
18059
1089
18164
11870
19184
18936
24852
7764
28739
16904
16766
23289
12478
26290
6522
28278
19804
1488
4591
29254
32048
16948
24753
8521
4153
17642
22182
216
34571
10921
33105
21190
23543
22453
29136
1720
6456
4753
11592
17509
9104
33298
30543
4022
17910
10574
28656
20025
21097
19037
32422
7188
5665
4058
20757
8307
15020
30226
32914
23689
4194
14466
9555
30866
24669
32606
1661
5712
10118
9258
12208
22803
3483
31030
16695
2234
17738
20706
14754
2161
2617
