3900625
3952144
3908529
3936256
3924361
3523129
3261636
3956121
3736489
3644281
3655744
3944196
3964081
3671056
3876961
3900625
3825936
3833764
2090916
3411409
3613801
3880900
3818116
3896676
3964081
3853369
3825936
3968064
3671056
3833764
3829849
3841600
3861225
3648100
3822025
2719201
3481956
3455881
3825936
2732409
3916441
3526884
3912484
3948169
2866249
3888784
3833764
3952144
3732624
3928324
3701776
3869089
3617604
3717184
3771364
2461761
3740356
3912484
3928324
3648100
2788900
3861225
3748096
3920400
3829849
3964081
3648100
3175524
3814209
3694084
2477476
3806401
3541924
3556996
3944196
3713329
3916441
3705625
3214849
3168400
3697929
3857296
3771364
3920400
3837681
3900625
3948169
3411409
3632836
3904576
3896676
3625216
3936256
3810304
3392964
3538161
3896676
3952144
3598609
3485689
